Running Gradle task 'assembleDebug'...                          
flutter : ../../../AppData/Local/Pub/Cache/hosted/pub.dev/record_linux-0.7.2/lib/record_linux.dart:12:7: Error: The non-abstract class 'RecordLinux' is missing implementations for these members:
At line:1 char:21
+ $env:COLUMNS = 200; flutter build apk --debug 2>&1 | Out-String -Widt ...
+                     ~~~~~~~~~~~~~~~~~~~~~~~~~~~~~~
    + CategoryInfo              : NotSpe    cified: (../../.    ./AppDat... thes    e members::Strin    g) [], RemoteExc    eption
    + FullyQualified    ErrorId : Native    CommandError
 
 - RecordMethodChannelPlatformInterface.startStream
Try to either
 - provide an implementation,
 - inherit an implementation from a superclass or mixin,
 - mark the class as abstract, or
 - provide a 'noSuchMethod' implementation.

class RecordLinux extends RecordPlatform {
      ^^^^^^^^^^^
../../../AppData/Local/Pub/Cache/hosted/pub.dev/record_platform_interface-1.5.0/lib/src/record_platform_interface.dart:46:29: Context: 'RecordMethodChannelPlatformInterface.startStream' is defined 
here.
  Future<Stream<Uint8List>> startStream(String recorderId, RecordConfig config);
                            ^^^^^^^^^^^
../../../AppData/Local/Pub/Cache/hosted/pub.dev/record_linux-0.7.2/lib/record_linux.dart:36:16: Error: The method 'RecordLinux.hasPermission' has fewer named arguments than those of overridden method 
'RecordMethodChannelPlatformInterface.hasPermission'.
  Future<bool> hasPermission(String recorderId) {
               ^
../../../AppData/Local/Pub/Cache/hosted/pub.dev/record_platform_interface-1.5.0/lib/src/record_platform_interface.dart:74:16: Context: This is the overridden method ('hasPermission').
  Future<bool> hasPermission(String recorderId, {bool request = true});
               ^
Target kernel_snapshot_program failed: Exception


FAILURE: Build failed with an exception.

* What went wrong:
Execution failed for task ':app:compileFlutterBuildDebug'.
> Process 'command 'C:\Users\KIIT\Downloads\flutter_windows_3.35.1-stable\flutter\bin\flutter.bat'' finished with non-zero exit value 1

* Try:
> Run with --stacktrace option to get the stack trace.
> Run with --info or --debug option to get more log output.
> Run with --scan to get full insights.
> Get more help at https://help.gradle.org.

BUILD FAILED in 14s
Running Gradle task 'assembleDebug'...                             14.6s
Gradle task assembleDebug failed with exit code 1

